[D2] id 230 Delzoun Sabatons: statType->kind:'rating' (Overwhelming Parry)
[D3] id 230 Delzoun Sabatons: hoisted uptimeOverride=0.35 to flat
[D3] id 252 Cosmic Band of Deflection: hoisted uptimeOverride=0.5 to flat
[D1] id 3997 Blaspheme Cleaver: kind:'rating' added (Power 7500)
[D1] id 3998 Blaspheme Knife: kind:'rating' added (Power 7500)
[D1] id 4082 The Legion Guard's Barbed Blade: kind:'rating' added (Power 1500)
[D1] id 4083 The Legion Guard's Barbed Blade (IL 800): kind:'rating' added (Power 1500)
[D1] id 4084 The Legion Guard's Barbed Blade (IL 1000): kind:'rating' added (Power 1500)
[D1] id 4085 The Legion Guard's Barbed Blade (IL 1200): kind:'rating' added (Power 1500)
[D1] id 4086 The Legion Guard's Twisted Blade: kind:'rating' added (Power 1500)
[D1] id 4087 The Legion Guard's Twisted Blade (IL 800): kind:'rating' added (Power 1500)
[D1] id 4088 The Legion Guard's Twisted Blade (IL 1000): kind:'rating' added (Power 1500)
[D1] id 4089 The Legion Guard's Twisted Blade (IL 1200): kind:'rating' added (Power 1500)
[D1] id 4169 Vistani Dagger: kind:'rating' added (Defense 500)
[D1] id 4170 Vistani Dagger (IL 500): kind:'rating' added (Defense 500)
[D1] id 4171 Vistani Dagger (IL 650): kind:'rating' added (Defense 500)
[D1] id 4172 Vistani Dagger (IL 800): kind:'rating' added (Defense 500)
[D1] id 4173 Vistani Stiletto: kind:'rating' added (Defense 500)
[D1] id 4174 Vistani Stiletto (IL 500): kind:'rating' added (Defense 500)
[D1] id 4175 Vistani Stiletto (IL 650): kind:'rating' added (Defense 500)
[D1] id 4232 Pioneer Jambiya: kind:'rating' added (Power 200)
[D1] id 4233 Pioneer Jambiya (IL 500): kind:'rating' added (Power 200)
[D1] id 4234 Pioneer Jambiya (IL 650): kind:'rating' added (Power 200)
[D1] id 4235 Pioneer Jambiya (IL 800): kind:'rating' added (Power 200)
[D1] id 4236 Pioneer Sakin: kind:'rating' added (Power 200)
[D1] id 4237 Pioneer Sakin (IL 500): kind:'rating' added (Power 200)
[D1] id 4238 Pioneer Sakin (IL 650): kind:'rating' added (Power 200)
[D1] id 4239 Pioneer Sakin (IL 800): kind:'rating' added (Power 200)
[D1] id 4240 Exalted Pioneer Jambiya: kind:'rating' added (Power 200)
[D1] id 4241 Exalted Pioneer Jambiya (IL 500): kind:'rating' added (Power 200)
[D1] id 4242 Exalted Pioneer Jambiya (IL 650): kind:'rating' added (Power 200)
[D1] id 4243 Exalted Pioneer Jambiya (IL 800): kind:'rating' added (Power 200)
[D1] id 4244 Exalted Pioneer Sakin: kind:'rating' added (Power 200)
[D1] id 4245 Exalted Pioneer Sakin (IL 500): kind:'rating' added (Power 200)
[D1] id 4246 Exalted Pioneer Sakin (IL 650): kind:'rating' added (Power 200)
[D1] id 4247 Exalted Pioneer Sakin (IL 800): kind:'rating' added (Power 200)
[D1] id 4296 Wootz Jambiya: kind:'rating' added (Power 500)
[D1] id 4297 Wootz Jambiya (IL 500): kind:'rating' added (Power 2000)
[D1] id 4298 Wootz Jambiya (IL 650): kind:'rating' added (Power 2000)
[D1] id 4299 Wootz Jambiya (IL 800): kind:'rating' added (Power 2000)
[D1] id 4300 Wootz Sakin: kind:'rating' added (Power 2000)
[D1] id 4301 Wootz Sakin (IL 500): kind:'rating' added (Power 2000)
[D1] id 4302 Wootz Sakin (IL 650): kind:'rating' added (Power 2000)
[D1] id 4303 Wootz Sakin (IL 800): kind:'rating' added (Power 2000)
[D1] id 4336 Shadewalker's Dagger: kind:'rating' added (Power 500)
[D1] id 4359 Twisted Makhaira: kind:'rating' added (Defense 160)
[D1] id 4360 Twisted Makhaira (IL 400): kind:'rating' added (Defense 160)
[D1] id 4361 Twisted Makhaira (IL 500): kind:'rating' added (Defense 160)
[D1] id 4362 Twisted Makhaira (IL 600): kind:'rating' added (Defense 160)
[D1] id 4363 Twisted Misericorde: kind:'rating' added (Defense 160)
[D1] id 4364 Twisted Misericorde (IL 400): kind:'rating' added (Defense 160)
[D1] id 4365 Twisted Misericorde (IL 500): kind:'rating' added (Defense 160)
[D1] id 4366 Twisted Misericorde (IL 600): kind:'rating' added (Defense 160)
[D1] id 4367 Dusk Raid Mask: kind:'rating' added (Max HP 5000)
[D1] id 4368 Dusk Raid Vest: kind:'rating' added (Max HP 5000)
[D1] id 4369 Dusk Raid Gloves: kind:'rating' added (Max HP 5000)
[D1] id 4370 Dusk Raid Boots: kind:'rating' added (Max HP 5000)
[D1] id 4371 Dusk Assault Mask: kind:'rating' added (Max HP 5000)
[D1] id 4372 Dusk Assault Vest: kind:'rating' added (Max HP 5000)
[D1] id 4373 Dusk Assault Gloves: kind:'rating' added (Max HP 5000)
[D1] id 4374 Dusk Assault Boots: kind:'rating' added (Max HP 5000)
[D1] id 4430 Reinforced Dragonflight Raid Mask: kind:'rating' added (Max HP 3000)
[D1] id 4431 Reinforced Dragonflight Raid Vest: kind:'rating' added (Max HP 3000)
[D1] id 4432 Reinforced Dragonflight Raid Gloves: kind:'rating' added (Max HP 3000)
[D1] id 4433 Reinforced Dragonflight Raid Boots: kind:'rating' added (Max HP 3000)
[D1] id 4434 Reinforced Dragonflight Assault Mask: kind:'rating' added (Max HP 3000)
[D1] id 4435 Reinforced Dragonflight Assault Vest: kind:'rating' added (Max HP 3000)
[D1] id 4436 Reinforced Dragonflight Assault Gloves: kind:'rating' added (Max HP 3000)
[D1] id 4437 Reinforced Dragonflight Assault Boots: kind:'rating' added (Max HP 3000)
[D1] id 4512 Scintillant Amulet (Mod 11): kind:'rating' added (Accuracy 500)
[D1] id 4513 Scintillant Amulet (Mod 11, IL 500): kind:'rating' added (Accuracy 500)
[D1] id 4514 Scintillant Amulet (Mod 11, IL 650): kind:'rating' added (Accuracy 500)
[D1] id 4515 Scintillant Amulet (Mod 11, IL 800): kind:'rating' added (Accuracy 500)
[D1] id 4516 Silverspruce Amulet: kind:'rating' added (Accuracy 500)
[D1] id 4517 Silverspruce Amulet (IL 500): kind:'rating' added (Accuracy 500)
[D1] id 4518 Silverspruce Amulet (IL 650): kind:'rating' added (Accuracy 500)
[D1] id 4519 Silverspruce Amulet (IL 800): kind:'rating' added (Accuracy 500)
[D1] id 4520 Sphene Amulet: kind:'rating' added (Accuracy 500)
[D1] id 4521 Sphene Amulet (IL 500): kind:'rating' added (Accuracy 500)
[D1] id 4522 Sphene Amulet (IL 650): kind:'rating' added (Accuracy 500)
[D1] id 4523 Sphene Amulet (IL 800): kind:'rating' added (Accuracy 500)
[D1] id 4524 Rubellite Amulet: kind:'rating' added (Accuracy 500)
[D1] id 4525 Rubellite Amulet (IL 500): kind:'rating' added (Accuracy 500)
[D1] id 4526 Rubellite Amulet (IL 650): kind:'rating' added (Accuracy 500)
[D1] id 4527 Rubellite Amulet (IL 800): kind:'rating' added (Accuracy 500)
[D1] id 4528 Scintillant Sash (Mod 11): kind:'rating' added (Accuracy 500)
[D1] id 4529 Scintillant Sash (Mod 11, IL 500): kind:'rating' added (Accuracy 500)
[D1] id 4530 Scintillant Sash (Mod 11, IL 650): kind:'rating' added (Accuracy 500)
[D1] id 4531 Scintillant Sash (Mod 11, IL 800): kind:'rating' added (Accuracy 500)
[D1] id 4532 Silverspruce Belt: kind:'rating' added (Accuracy 500)
[D1] id 4533 Silverspruce Belt (IL 500): kind:'rating' added (Accuracy 500)
[D1] id 4534 Silverspruce Belt (IL 650): kind:'rating' added (Accuracy 500)
[D1] id 4535 Silverspruce Belt (IL 800): kind:'rating' added (Accuracy 500)
[D1] id 4536 Sphene Sash: kind:'rating' added (Accuracy 500)
[D1] id 4537 Sphene Sash (IL 500): kind:'rating' added (Accuracy 500)
[D1] id 4538 Sphene Sash (IL 650): kind:'rating' added (Accuracy 500)
[D1] id 4539 Sphene Sash (IL 800): kind:'rating' added (Accuracy 500)
[D1] id 4540 Rubellite Sash: kind:'rating' added (Accuracy 500)
[D1] id 4541 Rubellite Sash (IL 500): kind:'rating' added (Accuracy 500)
[D1] id 4542 Rubellite Sash (IL 650): kind:'rating' added (Accuracy 500)
[D1] id 4543 Rubellite Sash (IL 800): kind:'rating' added (Accuracy 500)
[D1] id 4568 Dragonflight Raid Mask: kind:'rating' added (Max HP 3000)
[D1] id 4569 Dragonflight Raid Vest: kind:'rating' added (Max HP 3000)
[D1] id 4570 Dragonflight Raid Gloves: kind:'rating' added (Max HP 3000)
[D1] id 4571 Dragonflight Raid Boots: kind:'rating' added (Max HP 3000)
[D1] id 4572 Dragonflight Assault Vest: kind:'rating' added (Max HP 3000)
[D1] id 4573 Dragonflight Assault Mask: kind:'rating' added (Max HP 3000)
[D1] id 4574 Dragonflight Assault Gloves: kind:'rating' added (Max HP 3000)
[D1] id 4575 Dragonflight Assault Boots: kind:'rating' added (Max HP 3000)
[D1] id 4576 Elemental Dragonflight Raid Mask: kind:'rating' added (Max HP 3000)
[D1] id 4577 Elemental Dragonflight Raid Vest: kind:'rating' added (Max HP 3000)
[D1] id 4578 Elemental Dragonflight Raid Gloves: kind:'rating' added (Max HP 3000)
[D1] id 4579 Elemental Dragonflight Raid Boots: kind:'rating' added (Max HP 3000)
[D1] id 4580 Elemental Dragonflight Assault Mask: kind:'rating' added (Max HP 3000)
[D1] id 4581 Elemental Dragonflight Assault Vest: kind:'rating' added (Max HP 3000)
[D1] id 4582 Elemental Dragonflight Assault Gloves: kind:'rating' added (Max HP 3000)
[D1] id 4583 Elemental Dragonflight Assault Boots: kind:'rating' added (Max HP 3000)
[D1] id 4639 The Legion Guard's Barbed Rapier: kind:'rating' added (Power 1500)
[D1] id 4640 The Legion Guard's Barbed Rapier (IL 1200): kind:'rating' added (Power 1500)
[D1] id 4641 The Legion Guard's Twisted Lute (IL 1200): kind:'rating' added (Power 1500)
[D1] id 4670 Vistani Lute: kind:'rating' added (Defense 500)
[D1] id 4671 Vistani Lute (IL 500): kind:'rating' added (Defense 500)
[D1] id 4672 Vistani Lute (IL 650): kind:'rating' added (Defense 500)
[D1] id 4673 Vistani Lute (IL 800): kind:'rating' added (Defense 500)
[D1] id 4706 Pioneer Jambiya (Bard): kind:'rating' added (Power 200)
[D1] id 4707 Pioneer Jambiya (Bard, IL 500): kind:'rating' added (Power 200)
[D1] id 4708 Pioneer Jambiya (Bard, IL 650): kind:'rating' added (Power 200)
[D1] id 4709 Pioneer Jambiya (Bard, IL 800): kind:'rating' added (Power 200)
[D1] id 4710 Pioneer Lute: kind:'rating' added (Power 200)
[D1] id 4711 Pioneer Lute (IL 500): kind:'rating' added (Power 200)
[D1] id 4712 Pioneer Lute (IL 650): kind:'rating' added (Power 200)
[D1] id 4713 Pioneer Lute (IL 800): kind:'rating' added (Power 200)
[D1] id 4714 Exalted Pioneer Jamibya: kind:'rating' added (Power 200)
[D1] id 4715 Exalted Pioneer Jamibya (IL 500): kind:'rating' added (Power 200)
[D1] id 4716 Exalted Pioneer Jamibya (IL 650): kind:'rating' added (Power 200)
[D1] id 4717 Exalted Pioneer Jamibya (IL 800): kind:'rating' added (Power 200)
[D1] id 4718 Exalted Pioneer Lute: kind:'rating' added (Power 200)
[D1] id 4719 Exalted Pioneer Lute (IL 500): kind:'rating' added (Power 200)
[D1] id 4720 Exalted Pioneer Lute (IL 650): kind:'rating' added (Power 200)
[D1] id 4721 Exalted Pioneer Lute (IL 800): kind:'rating' added (Power 200)
[D1] id 4722 Wootz Lute: kind:'rating' added (Power 2000)
[D1] id 4723 Wootz Lute (IL 500): kind:'rating' added (Power 2000)
[D1] id 4724 Wootz Lute (IL 650): kind:'rating' added (Power 2000)
[D1] id 4725 Wootz Lute (IL 800): kind:'rating' added (Power 2000)
[D1] id 4758 Twisted Makhaira (Bard): kind:'rating' added (Defense 160)
[D1] id 4759 Twisted Makhaira (IL 400) (Bard): kind:'rating' added (Defense 160)
[D1] id 4760 Twisted Makhaira (IL 500) (Bard): kind:'rating' added (Defense 160)
[D1] id 4761 Twisted Makhaira (IL 600) (Bard): kind:'rating' added (Defense 160)
[D1] id 4762 Twisted Misericorde (Bard): kind:'rating' added (Defense 160)
[D1] id 4763 Twisted Misericorde (IL 400) (Bard): kind:'rating' added (Defense 160)
[D1] id 4764 Twisted Misericorde (IL 500) (Bard): kind:'rating' added (Defense 160)
[D1] id 4765 Twisted Misericorde (IL 600) (Bard): kind:'rating' added (Defense 160)
[D1] id 6222 Sphene Sash: kind:'rating' added (Accuracy 500)